<?xml version="1.0" encoding="UTF-8"?>
<!-- Generated by org.testng.reporters.JUnitReportReporter -->
<testsuite skipped="0" hostname="DT0480" name="SearchCard.WildcardSearch" tests="1" failures="0" timestamp="2019-09-13T11:19:24 BST" time="4.840" errors="1">
  <testcase name="LoginAdvSearch" time="4.840" classname="SearchCard.WildcardSearch">
    <error type="org.openqa.selenium.WebDriverException" message="unknown error: Chrome failed to start: exited normally
  (chrome not reachable)
  (The process started from chrome location C:\Program Files (x86)\Google\Chrome\Application\chrome.exe is no longer running, so ChromeDriver is assuming that Chrome has crashed.)
Build info: version: &#039;3.141.59&#039;, revision: &#039;e82be7d358&#039;, time: &#039;2018-11-14T08:25:48&#039;
System info: host: &#039;DT0480&#039;, ip: &#039;172.30.17.234&#039;, os.name: &#039;Windows 7&#039;, os.arch: &#039;amd64&#039;, os.version: &#039;6.1&#039;, java.version: &#039;1.8.0_221&#039;
Driver info: driver.version: ChromeDriver
remote stacktrace: Backtrace:
	Ordinal0 [0x00F87C53+1473619]
	Ordinal0 [0x00F0AD71+961905]
	Ordinal0 [0x00E942B3+475827]
	Ordinal0 [0x00E2C2AB+49835]
	Ordinal0 [0x00E49149+168265]
	Ordinal0 [0x00E48D1D+167197]
	Ordinal0 [0x00E4742B+160811]
	Ordinal0 [0x00E30AE6+68326]
	Ordinal0 [0x00E31BF0+72688]
	Ordinal0 [0x00E31B89+72585]
	Ordinal0 [0x00F24B37+1067831]
	GetHandleVerifier [0x01026845+506677]
	GetHandleVerifier [0x010265E0+506064]
	GetHandleVerifier [0x0102D188+533624]
	GetHandleVerifier [0x0102701A+508682]
	Ordinal0 [0x00F1C226+1032742]
	Ordinal0 [0x00F1C09F+1032351]
	Ordinal0 [0x00F26A4B+1075787]
	Ordinal0 [0x00F26BB3+1076147]
	Ordinal0 [0x00F25B65+1071973]
	BaseThreadInitThunk [0x74FC343D+18]
	RtlInitializeExceptionChain [0x77279802+99]
	RtlInitializeExceptionChain [0x772797D5+54]
">
      <![CDATA[org.openqa.selenium.WebDriverException: unknown error: Chrome failed to start: exited normally
  (chrome not reachable)
  (The process started from chrome location C:\Program Files (x86)\Google\Chrome\Application\chrome.exe is no longer running, so ChromeDriver is assuming that Chrome has crashed.)
Build info: version: '3.141.59', revision: 'e82be7d358', time: '2018-11-14T08:25:48'
System info: host: 'DT0480', ip: '172.30.17.234', os.name: 'Windows 7', os.arch: 'amd64', os.version: '6.1', java.version: '1.8.0_221'
Driver info: driver.version: ChromeDriver
remote stacktrace: Backtrace:
Ordinal0 [0x00F87C53+1473619]
Ordinal0 [0x00F0AD71+961905]
Ordinal0 [0x00E942B3+475827]
Ordinal0 [0x00E2C2AB+49835]
Ordinal0 [0x00E49149+168265]
Ordinal0 [0x00E48D1D+167197]
Ordinal0 [0x00E4742B+160811]
Ordinal0 [0x00E30AE6+68326]
Ordinal0 [0x00E31BF0+72688]
Ordinal0 [0x00E31B89+72585]
Ordinal0 [0x00F24B37+1067831]
GetHandleVerifier [0x01026845+506677]
GetHandleVerifier [0x010265E0+506064]
GetHandleVerifier [0x0102D188+533624]
GetHandleVerifier [0x0102701A+508682]
Ordinal0 [0x00F1C226+1032742]
Ordinal0 [0x00F1C09F+1032351]
Ordinal0 [0x00F26A4B+1075787]
Ordinal0 [0x00F26BB3+1076147]
Ordinal0 [0x00F25B65+1071973]
BaseThreadInitThunk [0x74FC343D+18]
RtlInitializeExceptionChain [0x77279802+99]
RtlInitializeExceptionChain [0x772797D5+54]

at sun.reflect.NativeConstructorAccessorImpl.newInstance0(Native Method)
at sun.reflect.NativeConstructorAccessorImpl.newInstance(Unknown Source)
at sun.reflect.DelegatingConstructorAccessorImpl.newInstance(Unknown Source)
at java.lang.reflect.Constructor.newInstance(Unknown Source)
at org.openqa.selenium.remote.W3CHandshakeResponse.lambda$errorHandler$0(W3CHandshakeResponse.java:62)
at org.openqa.selenium.remote.HandshakeResponse.lambda$getResponseFunction$0(HandshakeResponse.java:30)
at org.openqa.selenium.remote.ProtocolHandshake.lambda$createSession$0(ProtocolHandshake.java:126)
at java.util.stream.ReferencePipeline$3$1.accept(Unknown Source)
at java.util.Spliterators$ArraySpliterator.tryAdvance(Unknown Source)
at java.util.stream.ReferencePipeline.forEachWithCancel(Unknown Source)
at java.util.stream.AbstractPipeline.copyIntoWithCancel(Unknown Source)
at java.util.stream.AbstractPipeline.copyInto(Unknown Source)
at java.util.stream.AbstractPipeline.wrapAndCopyInto(Unknown Source)
at java.util.stream.FindOps$FindOp.evaluateSequential(Unknown Source)
at java.util.stream.AbstractPipeline.evaluate(Unknown Source)
at java.util.stream.ReferencePipeline.findFirst(Unknown Source)
at org.openqa.selenium.remote.ProtocolHandshake.createSession(ProtocolHandshake.java:128)
at org.openqa.selenium.remote.ProtocolHandshake.createSession(ProtocolHandshake.java:74)
at org.openqa.selenium.remote.HttpCommandExecutor.execute(HttpCommandExecutor.java:136)
at org.openqa.selenium.remote.service.DriverCommandExecutor.execute(DriverCommandExecutor.java:83)
at org.openqa.selenium.remote.RemoteWebDriver.execute(RemoteWebDriver.java:552)
at org.openqa.selenium.remote.RemoteWebDriver.startSession(RemoteWebDriver.java:213)
at org.openqa.selenium.remote.RemoteWebDriver.<init>(RemoteWebDriver.java:131)
at org.openqa.selenium.chrome.ChromeDriver.<init>(ChromeDriver.java:181)
at org.openqa.selenium.chrome.ChromeDriver.<init>(ChromeDriver.java:168)
at org.openqa.selenium.chrome.ChromeDriver.<init>(ChromeDriver.java:157)
at com.test.hooks.Hooks.launchBrowser(Hooks.java:30)
at SearchCard.WildcardSearch.LoginAdvSearch(WildcardSearch.java:34)
at sun.reflect.NativeMethodAccessorImpl.invoke0(Native Method)
at sun.reflect.NativeMethodAccessorImpl.invoke(Unknown Source)
at sun.reflect.DelegatingMethodAccessorImpl.invoke(Unknown Source)
at java.lang.reflect.Method.invoke(Unknown Source)
at org.testng.internal.MethodInvocationHelper.invokeMethod(MethodInvocationHelper.java:133)
at org.testng.internal.TestInvoker.invokeMethod(TestInvoker.java:584)
at org.testng.internal.TestInvoker.invokeTestMethod(TestInvoker.java:172)
at org.testng.internal.MethodRunner.runInSequence(MethodRunner.java:46)
at org.testng.internal.TestInvoker$MethodInvocationAgent.invoke(TestInvoker.java:804)
at org.testng.internal.TestInvoker.invokeTestMethods(TestInvoker.java:145)
at org.testng.internal.TestMethodWorker.invokeTestMethods(TestMethodWorker.java:146)
at org.testng.internal.TestMethodWorker.run(TestMethodWorker.java:128)
at java.util.ArrayList.forEach(Unknown Source)
at org.testng.TestRunner.privateRun(TestRunner.java:770)
at org.testng.TestRunner.run(TestRunner.java:591)
at org.testng.SuiteRunner.runTest(SuiteRunner.java:402)
at org.testng.SuiteRunner.runSequentially(SuiteRunner.java:396)
at org.testng.SuiteRunner.privateRun(SuiteRunner.java:355)
at org.testng.SuiteRunner.run(SuiteRunner.java:304)
at org.testng.SuiteRunnerWorker.runSuite(SuiteRunnerWorker.java:53)
at org.testng.SuiteRunnerWorker.run(SuiteRunnerWorker.java:96)
at org.testng.TestNG.runSuitesSequentially(TestNG.java:1180)
at org.testng.TestNG.runSuitesLocally(TestNG.java:1102)
at org.testng.TestNG.runSuites(TestNG.java:1032)
at org.testng.TestNG.run(TestNG.java:1000)
at org.testng.remote.AbstractRemoteTestNG.run(AbstractRemoteTestNG.java:115)
at org.testng.remote.RemoteTestNG.initAndRun(RemoteTestNG.java:251)
at org.testng.remote.RemoteTestNG.main(RemoteTestNG.java:77)
]]>
    </error>
  </testcase> <!-- LoginAdvSearch -->
</testsuite> <!-- SearchCard.WildcardSearch -->
